<?xml version="1.0" encoding="UTF-8"?>
<coverage generated="1526181621824" clover="3.2.0">
  <project timestamp="1526181621824" name="All files">
    <metrics statements="3" coveredstatements="3" conditionals="0" coveredconditionals="0" methods="3" coveredmethods="3" elements="6" coveredelements="6" complexity="0" loc="3" ncloc="3" packages="1" files="3" classes="3">
      <file name="OrderList.vue" path="/home/cody/code/cgcentre_orders/frontend/src/components/OrderList.vue">
        <metrics statements="1" coveredstatements="1" conditionals="0" coveredconditionals="0" methods="1" coveredmethods="1"/>
        <line num="20" count="3" type="stmt"/>
      </file>
      <file name="Supplier.vue" path="/home/cody/code/cgcentre_orders/frontend/src/components/Supplier.vue">
        <metrics statements="1" coveredstatements="1" conditionals="0" coveredconditionals="0" methods="1" coveredmethods="1"/>
        <line num="15" count="2" type="stmt"/>
      </file>
      <file name="SupplierList.vue" path="/home/cody/code/cgcentre_orders/frontend/src/components/SupplierList.vue">
        <metrics statements="1" coveredstatements="1" conditionals="0" coveredconditionals="0" methods="1" coveredmethods="1"/>
        <line num="20" count="3" type="stmt"/>
      </file>
    </metrics>
  </project>
</coverage>
