<?xml version="1.0" encoding="UTF-8"?>
<coverage generated="1526053248215" clover="3.2.0">
  <project timestamp="1526053248216" name="All files">
    <metrics statements="2" coveredstatements="1" conditionals="0" coveredconditionals="0" methods="2" coveredmethods="1" elements="4" coveredelements="2" complexity="0" loc="2" ncloc="2" packages="1" files="2" classes="2">
      <file name="OrderList.vue" path="/home/zombiexduck/code/cgcentre_orders/src/components/OrderList.vue">
        <metrics statements="1" coveredstatements="0" conditionals="0" coveredconditionals="0" methods="1" coveredmethods="0"/>
        <line num="20" count="0" type="stmt"/>
      </file>
      <file name="SupplierList.vue" path="/home/zombiexduck/code/cgcentre_orders/src/components/SupplierList.vue">
        <metrics statements="1" coveredstatements="1" conditionals="0" coveredconditionals="0" methods="1" coveredmethods="1"/>
        <line num="20" count="3" type="stmt"/>
      </file>
    </metrics>
  </project>
</coverage>
