{"/home/cody/code/cgcentre_orders/frontend/src/components/OrderList.vue": {"path":"/home/cody/code/cgcentre_orders/frontend/src/components/OrderList.vue","statementMap":{"0":{"start":{"line":20,"column":0},"end":{"line":null,"column":-1}}},"fnMap":{"0":{"name":"data","decl":{"start":{"line":19,"column":0},"end":{"line":null,"column":-1}},"loc":{"start":{"line":19,"column":0},"end":{"line":34,"column":0}}}},"branchMap":{},"s":{"0":3},"f":{"0":3},"b":{}}
,"/home/cody/code/cgcentre_orders/frontend/src/components/Supplier.vue": {"path":"/home/cody/code/cgcentre_orders/frontend/src/components/Supplier.vue","statementMap":{"0":{"start":{"line":15,"column":0},"end":{"line":null,"column":-1}}},"fnMap":{"0":{"name":"data","decl":{"start":{"line":14,"column":0},"end":{"line":null,"column":-1}},"loc":{"start":{"line":14,"column":0},"end":{"line":30,"column":0}}}},"branchMap":{},"s":{"0":2},"f":{"0":2},"b":{}}
,"/home/cody/code/cgcentre_orders/frontend/src/components/SupplierList.vue": {"path":"/home/cody/code/cgcentre_orders/frontend/src/components/SupplierList.vue","statementMap":{"0":{"start":{"line":20,"column":0},"end":{"line":null,"column":-1}}},"fnMap":{"0":{"name":"data","decl":{"start":{"line":19,"column":0},"end":{"line":null,"column":-1}},"loc":{"start":{"line":19,"column":0},"end":{"line":34,"column":0}}}},"branchMap":{},"s":{"0":3},"f":{"0":3},"b":{}}
}
