{"/home/zombiexduck/code/cgcentre_orders/src/components/OrderList.vue": {"path":"/home/zombiexduck/code/cgcentre_orders/src/components/OrderList.vue","statementMap":{"0":{"start":{"line":20,"column":0},"end":{"line":null,"column":-1}}},"fnMap":{"0":{"name":"data","decl":{"start":{"line":19,"column":0},"end":{"line":null,"column":-1}},"loc":{"start":{"line":19,"column":0},"end":{"line":34,"column":0}}}},"branchMap":{},"s":{"0":0},"f":{"0":0},"b":{}}
,"/home/zombiexduck/code/cgcentre_orders/src/components/SupplierList.vue": {"path":"/home/zombiexduck/code/cgcentre_orders/src/components/SupplierList.vue","statementMap":{"0":{"start":{"line":20,"column":0},"end":{"line":null,"column":-1}}},"fnMap":{"0":{"name":"data","decl":{"start":{"line":19,"column":0},"end":{"line":null,"column":-1}},"loc":{"start":{"line":19,"column":0},"end":{"line":34,"column":0}}}},"branchMap":{},"s":{"0":3},"f":{"0":3},"b":{}}
}
